Arguments: 
  C:\Program Files\nodejs\node.exe C:\Users\Eigenaar\AppData\Roaming\npm\node_modules\yarn\bin\yarn.js install

PATH: 
  C:\Program Files\Microsoft\jdk-11.0.16.101-hotspot\bin;C:\Python310\Scripts\;C:\Python310\;C:\Program Files\Microsoft MPI\Bin\;C:\Windows\system32;C:\Windows;C:\Windows\System32\Wbem;C:\Windows\System32\WindowsPowerShell\v1.0\;C:\Windows\System32\OpenSSH\;C:\Program Files\Microsoft SQL Server\130\Tools\Binn\;C:\Program Files\Microsoft SQL Server\Client SDK\ODBC\170\Tools\Binn\;C:\Program Files (x86)\Brackets\command;C:\Program Files (x86)\WinMerge;C:\Program Files\Git\cmd;C:\Program Files\LINQPad6;C:\Program Files (x86)\Microsoft SQL Server\150\Tools\Binn\;C:\Program Files\Microsoft SQL Server\150\Tools\Binn\;C:\Program Files (x86)\Microsoft SQL Server\150\DTS\Binn\;C:\Program Files\Microsoft SQL Server\150\DTS\Binn\;C:\Program Files\Azure Data Studio\bin;C:\Program Files\dotnet\;;C:\Program Files\Docker\Docker\resources\bin;C:\ProgramData\DockerDesktop\version-bin;C:\Program Files\Git LFS;C:\Program Files\nodejs\;C:\ProgramData\chocolatey\bin;C:\Program Files (x86)\dotnet\;C:\python\Scripts\;C:\python\;C:\Program Files\MySQL\MySQL Shell 8.0\bin\;C:\Users\Eigenaar\AppData\Local\Microsoft\WindowsApps;C:\Users\Eigenaar\AppData\Local\Programs\Microsoft VS Code\bin;C:\Program Files\Azure Data Studio\bin;C:\Users\Eigenaar\.dotnet\tools;C:\Program Files\MongoDB\Tools\100\bin;C:\Users\Eigenaar\AppData\Local\GitHubDesktop\bin;\\DESKTOP-3CJB43N\Users\Eigenaar\AppData\Local\Android\Sdk\platform-tools;C:\Users\Eigenaar\AppData\Roaming\npm;C:\src\flutter\bin;

Yarn version: 
  1.22.19

Node version: 
  16.14.0

Platform: 
  win32 x64

Trace: 
  Error: EPERM: operation not permitted, copyfile 'C:\Users\Eigenaar\AppData\Local\Yarn\Cache\v6\npm-color-name-1.1.3-a7d0558bd89c42f795dd42328f740831ca53bc25-integrity\node_modules\color-name\index.js' -> 'C:\Users\Eigenaar\Documents\React native\ToDoApp\node_modules\@expo\cli\node_modules\color-name\index.js'

npm manifest: 
  {
    "name": "todoapp",
    "version": "1.0.0",
    "main": "node_modules/expo/AppEntry.js",
    "scripts": {
      "start": "expo start",
      "android": "expo start --android",
      "ios": "expo start --ios",
      "web": "expo start --web"
    },
    "dependencies": {
      "@react-navigation/native": "^6.1.3",
      "@react-navigation/native-stack": "^6.9.9",
      "expo": "~47.0.12",
      "expo-status-bar": "~1.4.2",
      "firebase": "^9.6.7",
      "react": "18.1.0",
      "react-freeze": "^1.0.3",
      "react-native": "0.70.5",
      "react-native-safe-area-context": "^4.5.0",
      "react-native-screens": "^3.19.0",
      "rimraf": "^4.1.2",
      "stack": "^0.1.0"
    },
    "devDependencies": {
      "@babel/core": "^7.12.9"
    },
    "private": true
  }

yarn manifest: 
  No manifest

Lockfile: 
  No lockfile
